NAnt 0.85 (Build 0.85.2478.0; release; 14/10/06)
Copyright (C) 2001-2006 Gerry Shaw
http://nant.sourceforge.net

Buildfile: file:///C:/Inetpub/wwwroot/Rainbow/rb_tools/RainbowModules.build
Target framework: Microsoft .NET Framework 2.0
Target(s) specified: build 

 [property] Target framework changed to "Microsoft .NET Framework 1.1".

build:

 [solution] Starting solution build.
 [solution] Building 'Rainbow.Modules.AddModule' [Release] ...
 [solution] Building 'Rainbow.Modules.AddTab' [Release] ...
 [solution] Building 'Rainbow.Modules.AmazonFull' [Release] ...
 [solution] Building 'Rainbow.Modules.Announcements' [Release] ...
 [solution] Building 'Rainbow.Modules.Articles' [Release] ...
 [solution] Building 'Rainbow.Modules.Blog' [Release] ...
 [solution] Building 'Rainbow.Modules.BreadCrumbs' [Release] ...
 [solution] Building 'Rainbow.Modules.CacheViewer' [Release] ...
 [solution] Building 'Rainbow.Modules.ComponentModule' [Release] ...
 [solution] Building 'Rainbow.Modules.Contacts' [Release] ...
 [solution] Building 'Rainbow.Modules.ContentManager' [Release] ...
 [solution] Building 'Rainbow.Modules.DailyDilbert' [Release] ...
 [solution] Building 'Rainbow.Modules.DatabaseTableEdit' [Release] ...
 [solution] Building 'Rainbow.Modules.DatabaseTool' [Release] ...
 [solution] Building 'Rainbow.Modules.Discussion' [Release] ...
 [solution] Building 'Rainbow.Modules.Documents' [Release] ...
 [solution] Building 'Rainbow.Modules.EnhancedHtml' [Release] ...
 [solution] Building 'Rainbow.Modules.EnhancedLinks' [Release] ...
 [solution] Building 'Rainbow.Modules.EventLogs' [Release] ...
 [solution] Building 'Rainbow.Modules.Events' [Release] ...
 [solution] Building 'Rainbow.Modules.Faq' [Release] ...
 [solution] Building 'Rainbow.Modules.FileDirectoryTree' [Release] ...
 [solution] Building 'Rainbow.Modules.FlashModule' [Release] ...
 [solution] Building 'Rainbow.Modules.GoogleSearch' [Release] ...
 [solution] Building 'Rainbow.Modules.HtmlDocument' [Release] ...
 [solution] Building 'Rainbow.Modules.IFrame' [Release] ...
 [solution] Building 'Rainbow.Modules.Image' [Release] ...
 [solution] Building 'Rainbow.Modules.LdapUserProfile' [Release] ...
 [solution] Building 'Rainbow.Modules.Links' [Release] ...
 [solution] Building 'Rainbow.Modules.MapQuest' [Release] ...
 [solution] Building 'Rainbow.Modules.MileStones' [Release] ...
 [solution] Building 'Rainbow.Modules.ModuleDefinitions' [Release] ...
 [solution] Building 'Rainbow.Modules.ModuleDefinitionsAll' [Release] ...
 [solution] Building 'Rainbow.Modules.Newsletter' [Release] ...
 [solution] Building 'Rainbow.Modules.OneFileModule' [Release] ...
 [solution] Building 'Rainbow.Modules.PageKeyPhrase' [Release] ...
 [solution] Building 'Rainbow.Modules.Pictures' [Release] ...
 [solution] Building 'Rainbow.Modules.PortalsAdministration' [Release] ...
 [solution] Building 'Rainbow.Modules.PortalSearch' [Release] ...
 [solution] Building 'Rainbow.Modules.Quiz' [Release] ...
 [solution] Building 'Rainbow.Modules.Quote' [Release] ...
 [solution] Building 'Rainbow.Modules.Register' [Release] ...
 [solution] Building 'Rainbow.Modules.RoleAssignment' [Release] ...
 [solution] Building 'Rainbow.Modules.Roles' [Release] ...
 [solution] Building 'Rainbow.Modules.SecurityCheck' [Release] ...
 [solution] Building 'Rainbow.Modules.SendThoughts' [Release] ...
 [solution] Building 'Rainbow.Modules.ServiceItemList' [Release] ...
 [solution] Building 'Rainbow.Modules.Shortcut' [Release] ...
 [solution] Building 'Rainbow.Modules.Signin' [Release] ...
 [solution] Building 'Rainbow.Modules.SignInLdap' [Release] ...
 [solution] Building 'Rainbow.Modules.SimpleMenu' [Release] ...
 [solution] Building 'Rainbow.Modules.SiteSettings' [Release] ...
 [solution] Building 'Rainbow.Modules.Survey' [Release] ...
 [solution] Building 'Rainbow.Modules.Tasks' [Release] ...
 [solution] Building 'Rainbow.Modules.UserDefinedTable' [Release] ...
 [solution] Building 'Rainbow.Modules.Users' [Release] ...
 [solution] Building 'Rainbow.Modules.Version' [Release] ...
 [solution] Building 'Rainbow.Modules.WeatherDe' [Release] ...
 [solution] Building 'Rainbow.Modules.WeatherUs' [Release] ...
 [solution] Building 'Rainbow.Modules.WebPartModule' [Release] ...
 [solution] Building 'Rainbow.Modules.WhosLoggedOn' [Release] ...
 [solution] Building 'Rainbow.Modules.XmlFeed' [Release] ...
 [solution] Building 'Rainbow.Modules.XmlLang' [Release] ...
 [solution] Building 'Rainbow.Modules.XmlModule' [Release] ...
 [solution] Building 'Rainbow.Modules.Monitoring' [Release] ...
 [solution] Building 'Rainbow.Modules.SiteMap' [Release] ...
 [solution] Building 'Rainbow.Modules.FileManager' [Release] ...
 [solution] Building 'Rainbow.Modules.SecureDocuments' [Release] ...
 [solution] Building 'Rainbow.Modules.Pages' [Release] ...
 [solution] Building 'Rainbow.Modules.Recycler' [Release] ...
 [solution] Building 'Rainbow.Modules.MagicUrls' [Release] ...
 [solution] Building 'Rainbow.Modules.ModuleDefinitions_OFM' [Release] ...
               [resgen] Read in 3 resources from 'C:\Inetpub\wwwroot\Rainbow\DesktopModules\ModuleDefinitions_OFM\ModuleDefinitions.aspx.resx'
               [resgen] Writing resource file...  Done.
               [resgen] Read in 0 resources from 'C:\Inetpub\wwwroot\Rainbow\DesktopModules\ModuleDefinitions_OFM\ModuleDefsAll.ascx.resx'
               [resgen] Writing resource file...  Done.

BUILD SUCCEEDED

Total time: 21.6 seconds.

