NAnt 0.85 (Build 0.85.2478.0; release; 14/10/06)
Copyright (C) 2001-2006 Gerry Shaw
http://nant.sourceforge.net

Buildfile: file:///C:/Inetpub/wwwroot/Rainbow/rb_tools/Rainbow.build
Target framework: Microsoft .NET Framework 2.0
Target(s) specified: build 

 [property] Target framework changed to "Microsoft .NET Framework 1.1".
    [mkdir] Creating directory 'C:\Inetpub\wwwroot\Rainbow\bin\cs'.
   [resgen] Read in 1791 resources from 'C:\Inetpub\wwwroot\Rainbow\Resources\Rainbow.cs.resx'
   [resgen] Writing resource file...  Done.
C:\Inetpub\wwwroot\Rainbow\rb_tools\RainbowResources.build(9,4): Element <includes... /> for <fileset... /> is deprecated. Use <include> element instead.
       [al] Compiling 1 files to 'C:\Inetpub\wwwroot\Rainbow\bin\cs\Rainbow.resources.dll'.
    [mkdir] Creating directory 'C:\Inetpub\wwwroot\Rainbow\bin\da'.
   [resgen] Read in 1791 resources from 'C:\Inetpub\wwwroot\Rainbow\Resources\Rainbow.da.resx'
   [resgen] Writing resource file...  Done.
C:\Inetpub\wwwroot\Rainbow\rb_tools\RainbowResources.build(16,4): Element <includes... /> for <fileset... /> is deprecated. Use <include> element instead.
       [al] Compiling 1 files to 'C:\Inetpub\wwwroot\Rainbow\bin\da\Rainbow.resources.dll'.
    [mkdir] Creating directory 'C:\Inetpub\wwwroot\Rainbow\bin\de'.
   [resgen] Read in 1791 resources from 'C:\Inetpub\wwwroot\Rainbow\Resources\Rainbow.de.resx'
   [resgen] Writing resource file...  Done.
C:\Inetpub\wwwroot\Rainbow\rb_tools\RainbowResources.build(23,4): Element <includes... /> for <fileset... /> is deprecated. Use <include> element instead.
       [al] Compiling 1 files to 'C:\Inetpub\wwwroot\Rainbow\bin\de\Rainbow.resources.dll'.
    [mkdir] Creating directory 'C:\Inetpub\wwwroot\Rainbow\bin\en'.
   [resgen] Read in 1807 resources from 'C:\Inetpub\wwwroot\Rainbow\Resources\Rainbow.en.resx'
   [resgen] Writing resource file...  Done.
C:\Inetpub\wwwroot\Rainbow\rb_tools\RainbowResources.build(30,4): Element <includes... /> for <fileset... /> is deprecated. Use <include> element instead.
       [al] Compiling 1 files to 'C:\Inetpub\wwwroot\Rainbow\bin\en\Rainbow.resources.dll'.
    [mkdir] Creating directory 'C:\Inetpub\wwwroot\Rainbow\bin\es-ES'.
   [resgen] Read in 1791 resources from 'C:\Inetpub\wwwroot\Rainbow\Resources\Rainbow.es-ES.resx'
   [resgen] Writing resource file...  Done.
C:\Inetpub\wwwroot\Rainbow\rb_tools\RainbowResources.build(37,4): Element <includes... /> for <fileset... /> is deprecated. Use <include> element instead.
       [al] Compiling 1 files to 'C:\Inetpub\wwwroot\Rainbow\bin\es-ES\Rainbow.resources.dll'.
    [mkdir] Creating directory 'C:\Inetpub\wwwroot\Rainbow\bin\es-MX'.
   [resgen] Read in 1791 resources from 'C:\Inetpub\wwwroot\Rainbow\Resources\Rainbow.es-MX.resx'
   [resgen] Writing resource file...  Done.
C:\Inetpub\wwwroot\Rainbow\rb_tools\RainbowResources.build(44,4): Element <includes... /> for <fileset... /> is deprecated. Use <include> element instead.
       [al] Compiling 1 files to 'C:\Inetpub\wwwroot\Rainbow\bin\es-MX\Rainbow.resources.dll'.
    [mkdir] Creating directory 'C:\Inetpub\wwwroot\Rainbow\bin\es'.
   [resgen] Read in 1376 resources from 'C:\Inetpub\wwwroot\Rainbow\Resources\Rainbow.es.resx'
   [resgen] Writing resource file...  Done.
C:\Inetpub\wwwroot\Rainbow\rb_tools\RainbowResources.build(51,4): Element <includes... /> for <fileset... /> is deprecated. Use <include> element instead.
       [al] Compiling 1 files to 'C:\Inetpub\wwwroot\Rainbow\bin\es\Rainbow.resources.dll'.
    [mkdir] Creating directory 'C:\Inetpub\wwwroot\Rainbow\bin\fr'.
   [resgen] Read in 1791 resources from 'C:\Inetpub\wwwroot\Rainbow\Resources\Rainbow.fr.resx'
   [resgen] Writing resource file...  Done.
C:\Inetpub\wwwroot\Rainbow\rb_tools\RainbowResources.build(58,4): Element <includes... /> for <fileset... /> is deprecated. Use <include> element instead.
       [al] Compiling 1 files to 'C:\Inetpub\wwwroot\Rainbow\bin\fr\Rainbow.resources.dll'.
    [mkdir] Creating directory 'C:\Inetpub\wwwroot\Rainbow\bin\is'.
   [resgen] Read in 1791 resources from 'C:\Inetpub\wwwroot\Rainbow\Resources\Rainbow.is.resx'
   [resgen] Writing resource file...  Done.
C:\Inetpub\wwwroot\Rainbow\rb_tools\RainbowResources.build(65,4): Element <includes... /> for <fileset... /> is deprecated. Use <include> element instead.
       [al] Compiling 1 files to 'C:\Inetpub\wwwroot\Rainbow\bin\is\Rainbow.resources.dll'.
    [mkdir] Creating directory 'C:\Inetpub\wwwroot\Rainbow\bin\it'.
   [resgen] Read in 1388 resources from 'C:\Inetpub\wwwroot\Rainbow\Resources\Rainbow.it.resx'
   [resgen] Writing resource file...  Done.
C:\Inetpub\wwwroot\Rainbow\rb_tools\RainbowResources.build(72,4): Element <includes... /> for <fileset... /> is deprecated. Use <include> element instead.
       [al] Compiling 1 files to 'C:\Inetpub\wwwroot\Rainbow\bin\it\Rainbow.resources.dll'.
    [mkdir] Creating directory 'C:\Inetpub\wwwroot\Rainbow\bin\nl-BE'.
   [resgen] Read in 1153 resources from 'C:\Inetpub\wwwroot\Rainbow\Resources\Rainbow.nl-BE.resx'
   [resgen] Writing resource file...  Done.
C:\Inetpub\wwwroot\Rainbow\rb_tools\RainbowResources.build(79,4): Element <includes... /> for <fileset... /> is deprecated. Use <include> element instead.
       [al] Compiling 1 files to 'C:\Inetpub\wwwroot\Rainbow\bin\nl-BE\Rainbow.resources.dll'.
    [mkdir] Creating directory 'C:\Inetpub\wwwroot\Rainbow\bin\nl'.
   [resgen] Read in 1791 resources from 'C:\Inetpub\wwwroot\Rainbow\Resources\Rainbow.nl.resx'
   [resgen] Writing resource file...  Done.
C:\Inetpub\wwwroot\Rainbow\rb_tools\RainbowResources.build(86,4): Element <includes... /> for <fileset... /> is deprecated. Use <include> element instead.
       [al] Compiling 1 files to 'C:\Inetpub\wwwroot\Rainbow\bin\nl\Rainbow.resources.dll'.
    [mkdir] Creating directory 'C:\Inetpub\wwwroot\Rainbow\bin\no'.
   [resgen] Read in 1791 resources from 'C:\Inetpub\wwwroot\Rainbow\Resources\Rainbow.no.resx'
   [resgen] Writing resource file...  Done.
C:\Inetpub\wwwroot\Rainbow\rb_tools\RainbowResources.build(93,4): Element <includes... /> for <fileset... /> is deprecated. Use <include> element instead.
       [al] Compiling 1 files to 'C:\Inetpub\wwwroot\Rainbow\bin\no\Rainbow.resources.dll'.
    [mkdir] Creating directory 'C:\Inetpub\wwwroot\Rainbow\bin\pl'.
   [resgen] Read in 1791 resources from 'C:\Inetpub\wwwroot\Rainbow\Resources\Rainbow.pl.resx'
   [resgen] Writing resource file...  Done.
C:\Inetpub\wwwroot\Rainbow\rb_tools\RainbowResources.build(100,4): Element <includes... /> for <fileset... /> is deprecated. Use <include> element instead.
       [al] Compiling 1 files to 'C:\Inetpub\wwwroot\Rainbow\bin\pl\Rainbow.resources.dll'.
    [mkdir] Creating directory 'C:\Inetpub\wwwroot\Rainbow\bin\pt'.
   [resgen] Read in 1791 resources from 'C:\Inetpub\wwwroot\Rainbow\Resources\Rainbow.pt.resx'
   [resgen] Writing resource file...  Done.
C:\Inetpub\wwwroot\Rainbow\rb_tools\RainbowResources.build(107,4): Element <includes... /> for <fileset... /> is deprecated. Use <include> element instead.
       [al] Compiling 1 files to 'C:\Inetpub\wwwroot\Rainbow\bin\pt\Rainbow.resources.dll'.
    [mkdir] Creating directory 'C:\Inetpub\wwwroot\Rainbow\bin\ru'.
   [resgen] Read in 1791 resources from 'C:\Inetpub\wwwroot\Rainbow\Resources\Rainbow.ru.resx'
   [resgen] Writing resource file...  Done.
C:\Inetpub\wwwroot\Rainbow\rb_tools\RainbowResources.build(114,4): Element <includes... /> for <fileset... /> is deprecated. Use <include> element instead.
       [al] Compiling 1 files to 'C:\Inetpub\wwwroot\Rainbow\bin\ru\Rainbow.resources.dll'.
    [mkdir] Creating directory 'C:\Inetpub\wwwroot\Rainbow\bin\sl'.
   [resgen] Read in 1791 resources from 'C:\Inetpub\wwwroot\Rainbow\Resources\Rainbow.sl.resx'
   [resgen] Writing resource file...  Done.
C:\Inetpub\wwwroot\Rainbow\rb_tools\RainbowResources.build(121,4): Element <includes... /> for <fileset... /> is deprecated. Use <include> element instead.
       [al] Compiling 1 files to 'C:\Inetpub\wwwroot\Rainbow\bin\sl\Rainbow.resources.dll'.
    [mkdir] Creating directory 'C:\Inetpub\wwwroot\Rainbow\bin\sv'.
   [resgen] Read in 1791 resources from 'C:\Inetpub\wwwroot\Rainbow\Resources\Rainbow.sv.resx'
   [resgen] Writing resource file...  Done.
C:\Inetpub\wwwroot\Rainbow\rb_tools\RainbowResources.build(128,4): Element <includes... /> for <fileset... /> is deprecated. Use <include> element instead.
       [al] Compiling 1 files to 'C:\Inetpub\wwwroot\Rainbow\bin\sv\Rainbow.resources.dll'.
    [mkdir] Creating directory 'C:\Inetpub\wwwroot\Rainbow\bin\tr'.
   [resgen] Read in 1791 resources from 'C:\Inetpub\wwwroot\Rainbow\Resources\Rainbow.tr.resx'
   [resgen] Writing resource file...  Done.
C:\Inetpub\wwwroot\Rainbow\rb_tools\RainbowResources.build(135,4): Element <includes... /> for <fileset... /> is deprecated. Use <include> element instead.
       [al] Compiling 1 files to 'C:\Inetpub\wwwroot\Rainbow\bin\tr\Rainbow.resources.dll'.
    [mkdir] Creating directory 'C:\Inetpub\wwwroot\Rainbow\bin\uk'.
   [resgen] Read in 1791 resources from 'C:\Inetpub\wwwroot\Rainbow\Resources\Rainbow.uk.resx'
   [resgen] Writing resource file...  Done.
C:\Inetpub\wwwroot\Rainbow\rb_tools\RainbowResources.build(142,4): Element <includes... /> for <fileset... /> is deprecated. Use <include> element instead.
       [al] Compiling 1 files to 'C:\Inetpub\wwwroot\Rainbow\bin\uk\Rainbow.resources.dll'.
    [mkdir] Creating directory 'C:\Inetpub\wwwroot\Rainbow\bin\zh-CN'.
   [resgen] Read in 1791 resources from 'C:\Inetpub\wwwroot\Rainbow\Resources\Rainbow.zh-CN.resx'
   [resgen] Writing resource file...  Done.
C:\Inetpub\wwwroot\Rainbow\rb_tools\RainbowResources.build(149,4): Element <includes... /> for <fileset... /> is deprecated. Use <include> element instead.
       [al] Compiling 1 files to 'C:\Inetpub\wwwroot\Rainbow\bin\zh-CN\Rainbow.resources.dll'.
    [mkdir] Creating directory 'C:\Inetpub\wwwroot\Rainbow\bin\zh-TW'.
   [resgen] Read in 1791 resources from 'C:\Inetpub\wwwroot\Rainbow\Resources\Rainbow.zh-TW.resx'
   [resgen] Writing resource file...  Done.
C:\Inetpub\wwwroot\Rainbow\rb_tools\RainbowResources.build(156,4): Element <includes... /> for <fileset... /> is deprecated. Use <include> element instead.
       [al] Compiling 1 files to 'C:\Inetpub\wwwroot\Rainbow\bin\zh-TW\Rainbow.resources.dll'.

build:

C:\Inetpub\wwwroot\Rainbow\rb_tools\Rainbow.build(8,5): Element <includes... /> for <fileset... /> is deprecated. Use <include> element instead.
 [solution] Starting solution build.
 [solution] Building 'Rainbow.duemetri.net' [Release] ...

BUILD SUCCEEDED - 0 non-fatal error(s), 23 warning(s)

Total time: 13.4 seconds.

